[0221/133122.898:ERROR:process_memory_win.cc(73)] ReadMemory at 0x7ff708e90000 of 64 bytes failed: Only part of a ReadProcessMemory or WriteProcessMemory request was completed. (0x12B)
[0221/133122.901:WARNING:pe_image_reader.cc(302)] could not read dos header from C:\Program Files (x86)\Google\Chrome\Application\chrome.exe
[0221/133122.901:ERROR:process_memory_win.cc(73)] ReadMemory at 0x7ff93a760000 of 64 bytes failed: Only part of a ReadProcessMemory or WriteProcessMemory request was completed. (0x12B)
[0221/133122.901:WARNING:pe_image_reader.cc(302)] could not read dos header from C:\WINDOWS\SYSTEM32\ntdll.dll
[0221/133122.901:ERROR:process_memory_win.cc(73)] ReadMemory at 0x7ff937f90000 of 64 bytes failed: Only part of a ReadProcessMemory or WriteProcessMemory request was completed. (0x12B)
[0221/133122.901:WARNING:pe_image_reader.cc(302)] could not read dos header from C:\WINDOWS\System32\KERNEL32.dll
[0221/133122.901:ERROR:process_memory_win.cc(73)] ReadMemory at 0x7ff936b80000 of 64 bytes failed: Only part of a ReadProcessMemory or WriteProcessMemory request was completed. (0x12B)
[0221/133122.902:WARNING:pe_image_reader.cc(302)] could not read dos header from C:\WINDOWS\System32\KERNELBASE.dll
[0221/133122.902:ERROR:process_memory_win.cc(73)] ReadMemory at 0x7ff934810000 of 64 bytes failed: Only part of a ReadProcessMemory or WriteProcessMemory request was completed. (0x12B)
[0221/133122.902:WARNING:pe_image_reader.cc(302)] could not read dos header from C:\WINDOWS\SYSTEM32\apphelp.dll
[0221/133122.902:ERROR:process_memory_win.cc(73)] ReadMemory at 0x7ff9386e0000 of 64 bytes failed: Only part of a ReadProcessMemory or WriteProcessMemory request was completed. (0x12B)
[0221/133122.902:WARNING:pe_image_reader.cc(302)] could not read dos header from C:\WINDOWS\System32\SHELL32.dll
[0221/133122.902:ERROR:process_memory_win.cc(73)] ReadMemory at 0x7ff937990000 of 64 bytes failed: Only part of a ReadProcessMemory or WriteProcessMemory request was completed. (0x12B)
[0221/133122.902:WARNING:pe_image_reader.cc(302)] could not read dos header from C:\WINDOWS\System32\msvcrt.dll
[0221/133122.902:ERROR:process_memory_win.cc(73)] ReadMemory at 0x7ff936e20000 of 64 bytes failed: Only part of a ReadProcessMemory or WriteProcessMemory request was completed. (0x12B)
[0221/133122.902:WARNING:pe_image_reader.cc(302)] could not read dos header from C:\WINDOWS\System32\cfgmgr32.dll
[0221/133122.902:ERROR:process_memory_win.cc(73)] ReadMemory at 0x7ff9375f0000 of 64 bytes failed: Only part of a ReadProcessMemory or WriteProcessMemory request was completed. (0x12B)
[0221/133122.902:WARNING:pe_image_reader.cc(302)] could not read dos header from C:\WINDOWS\System32\ucrtbase.dll
[0221/133122.902:ERROR:process_memory_win.cc(73)] ReadMemory at 0x7ff939d20000 of 64 bytes failed: Only part of a ReadProcessMemory or WriteProcessMemory request was completed. (0x12B)
[0221/133122.902:WARNING:pe_image_reader.cc(302)] could not read dos header from C:\WINDOWS\System32\shcore.dll
[0221/133122.902:ERROR:process_memory_win.cc(73)] ReadMemory at 0x7ff939df0000 of 64 bytes failed: Only part of a ReadProcessMemory or WriteProcessMemory request was completed. (0x12B)
[0221/133122.902:WARNING:pe_image_reader.cc(302)] could not read dos header from C:\WINDOWS\System32\RPCRT4.dll
[0221/133122.902:ERROR:process_memory_win.cc(73)] ReadMemory at 0x7ff9382f0000 of 64 bytes failed: Only part of a ReadProcessMemory or WriteProcessMemory request was completed. (0x12B)
[0221/133122.902:WARNING:pe_image_reader.cc(302)] could not read dos header from C:\WINDOWS\System32\combase.dll
[0221/133122.902:ERROR:process_memory_win.cc(73)] ReadMemory at 0x7ff9376f0000 of 64 bytes failed: Only part of a ReadProcessMemory or WriteProcessMemory request was completed. (0x12B)
[0221/133122.903:WARNING:pe_image_reader.cc(302)] could not read dos header from C:\WINDOWS\System32\bcryptPrimitives.dll
[0221/133122.903:ERROR:process_memory_win.cc(73)] ReadMemory at 0x7ff936e70000 of 64 bytes failed: Only part of a ReadProcessMemory or WriteProcessMemory request was completed. (0x12B)
[0221/133122.903:WARNING:pe_image_reader.cc(302)] could not read dos header from C:\WINDOWS\System32\windows.storage.dll
[0221/133122.903:ERROR:process_memory_win.cc(73)] ReadMemory at 0x7ff936a30000 of 64 bytes failed: Only part of a ReadProcessMemory or WriteProcessMemory request was completed. (0x12B)
[0221/133122.903:WARNING:pe_image_reader.cc(302)] could not read dos header from C:\WINDOWS\System32\msvcp_win.dll
[0221/133122.903:ERROR:process_memory_win.cc(73)] ReadMemory at 0x7ff939bd0000 of 64 bytes failed: Only part of a ReadProcessMemory or WriteProcessMemory request was completed. (0x12B)
[0221/133122.903:WARNING:pe_image_reader.cc(302)] could not read dos header from C:\WINDOWS\System32\sechost.dll
[0221/133122.903:ERROR:process_memory_win.cc(73)] ReadMemory at 0x7ff939c70000 of 64 bytes failed: Only part of a ReadProcessMemory or WriteProcessMemory request was completed. (0x12B)
[0221/133122.903:WARNING:pe_image_reader.cc(302)] could not read dos header from C:\WINDOWS\System32\advapi32.dll
[0221/133122.903:ERROR:process_memory_win.cc(73)] ReadMemory at 0x7ff9367e0000 of 64 bytes failed: Only part of a ReadProcessMemory or WriteProcessMemory request was completed. (0x12B)
[0221/133122.903:WARNING:pe_image_reader.cc(302)] could not read dos header from C:\WINDOWS\System32\profapi.dll
[0221/133122.903:ERROR:process_memory_win.cc(73)] ReadMemory at 0x7ff936780000 of 64 bytes failed: Only part of a ReadProcessMemory or WriteProcessMemory request was completed. (0x12B)
[0221/133122.903:WARNING:pe_image_reader.cc(302)] could not read dos header from C:\WINDOWS\System32\powrprof.dll
[0221/133122.903:ERROR:process_memory_win.cc(73)] ReadMemory at 0x7ff939f20000 of 64 bytes failed: Only part of a ReadProcessMemory or WriteProcessMemory request was completed. (0x12B)
[0221/133122.903:WARNING:pe_image_reader.cc(302)] could not read dos header from C:\WINDOWS\System32\shlwapi.dll
[0221/133122.903:ERROR:process_memory_win.cc(73)] ReadMemory at 0x7ff93a700000 of 64 bytes failed: Only part of a ReadProcessMemory or WriteProcessMemory request was completed. (0x12B)
[0221/133122.903:WARNING:pe_image_reader.cc(302)] could not read dos header from C:\WINDOWS\System32\GDI32.dll
[0221/133122.904:ERROR:process_memory_win.cc(73)] ReadMemory at 0x7ff937770000 of 64 bytes failed: Only part of a ReadProcessMemory or WriteProcessMemory request was completed. (0x12B)
[0221/133122.904:WARNING:pe_image_reader.cc(302)] could not read dos header from C:\WINDOWS\System32\gdi32full.dll
[0221/133122.904:ERROR:process_memory_win.cc(73)] ReadMemory at 0x7ff93a180000 of 64 bytes failed: Only part of a ReadProcessMemory or WriteProcessMemory request was completed. (0x12B)
[0221/133122.904:WARNING:pe_image_reader.cc(302)] could not read dos header from C:\WINDOWS\System32\USER32.dll
[0221/133122.904:ERROR:process_memory_win.cc(73)] ReadMemory at 0x7ff937970000 of 64 bytes failed: Only part of a ReadProcessMemory or WriteProcessMemory request was completed. (0x12B)
[0221/133122.904:WARNING:pe_image_reader.cc(302)] could not read dos header from C:\WINDOWS\System32\win32u.dll
[0221/133122.904:ERROR:process_memory_win.cc(73)] ReadMemory at 0x7ff936760000 of 64 bytes failed: Only part of a ReadProcessMemory or WriteProcessMemory request was completed. (0x12B)
[0221/133122.904:WARNING:pe_image_reader.cc(302)] could not read dos header from C:\WINDOWS\System32\kernel.appcore.dll
[0221/133122.904:ERROR:process_memory_win.cc(73)] ReadMemory at 0x7ff936a10000 of 64 bytes failed: Only part of a ReadProcessMemory or WriteProcessMemory request was completed. (0x12B)
[0221/133122.904:WARNING:pe_image_reader.cc(302)] could not read dos header from C:\WINDOWS\System32\cryptsp.dll
[0221/133122.904:ERROR:process_memory_win.cc(73)] ReadMemory at 0x7ff937a30000 of 64 bytes failed: Only part of a ReadProcessMemory or WriteProcessMemory request was completed. (0x12B)
[0221/133122.904:WARNING:pe_image_reader.cc(302)] could not read dos header from C:\WINDOWS\System32\PSAPI.DLL
[0221/133122.904:ERROR:process_memory_win.cc(73)] ReadMemory at 0x7ff90beb0000 of 64 bytes failed: Only part of a ReadProcessMemory or WriteProcessMemory request was completed. (0x12B)
[0221/133122.904:WARNING:pe_image_reader.cc(302)] could not read dos header from C:\Program Files (x86)\Google\Chrome\Application\72.0.3626.109\chrome_elf.dll
[0221/133122.904:ERROR:process_memory_win.cc(73)] ReadMemory at 0x7ff92e790000 of 64 bytes failed: Only part of a ReadProcessMemory or WriteProcessMemory request was completed. (0x12B)
[0221/133122.904:WARNING:pe_image_reader.cc(302)] could not read dos header from C:\WINDOWS\SYSTEM32\VERSION.dll
[0221/133122.904:ERROR:process_memory_win.cc(73)] ReadMemory at 0x7ff9274e0000 of 64 bytes failed: Only part of a ReadProcessMemory or WriteProcessMemory request was completed. (0x12B)
[0221/133122.904:WARNING:pe_image_reader.cc(302)] could not read dos header from C:\WINDOWS\SYSTEM32\WINMM.dll
[0221/133122.905:ERROR:process_memory_win.cc(73)] ReadMemory at 0x7ff936690000 of 64 bytes failed: Only part of a ReadProcessMemory or WriteProcessMemory request was completed. (0x12B)
[0221/133122.905:WARNING:pe_image_reader.cc(302)] could not read dos header from C:\WINDOWS\SYSTEM32\USERENV.dll
[0221/133122.905:ERROR:process_memory_win.cc(73)] ReadMemory at 0x7ff9274b0000 of 64 bytes failed: Only part of a ReadProcessMemory or WriteProcessMemory request was completed. (0x12B)
[0221/133122.905:WARNING:pe_image_reader.cc(302)] could not read dos header from C:\WINDOWS\SYSTEM32\WINMMBASE.dll
[0221/133122.905:ERROR:process_memory_win.cc(73)] ReadMemory at 0x7ff936160000 of 64 bytes failed: Only part of a ReadProcessMemory or WriteProcessMemory request was completed. (0x12B)
[0221/133122.905:WARNING:pe_image_reader.cc(302)] could not read dos header from C:\WINDOWS\SYSTEM32\CRYPTBASE.DLL
[0221/133122.905:ERROR:process_memory_win.cc(73)] ReadMemory at 0x1a065bb0000 of 64 bytes failed: Only part of a ReadProcessMemory or WriteProcessMemory request was completed. (0x12B)
[0221/133122.905:WARNING:pe_image_reader.cc(302)] could not read dos header from C:\WINDOWS\System32\IMM32.DLL
[0221/133122.905:ERROR:process_memory_win.cc(73)] ReadMemory at 0x7ff8c9a30000 of 64 bytes failed: Only part of a ReadProcessMemory or WriteProcessMemory request was completed. (0x12B)
[0221/133122.905:WARNING:pe_image_reader.cc(302)] could not read dos header from C:\Program Files (x86)\Google\Chrome\Application\72.0.3626.109\chrome_child.dll
[0221/133122.905:ERROR:process_memory_win.cc(73)] ReadMemory at 0x7ff93a0b0000 of 64 bytes failed: Only part of a ReadProcessMemory or WriteProcessMemory request was completed. (0x12B)
[0221/133122.905:WARNING:pe_image_reader.cc(302)] could not read dos header from C:\WINDOWS\System32\WS2_32.dll
[0221/133122.905:ERROR:process_memory_win.cc(73)] ReadMemory at 0x1a065f10000 of 64 bytes failed: Only part of a ReadProcessMemory or WriteProcessMemory request was completed. (0x12B)
[0221/133122.905:WARNING:pe_image_reader.cc(302)] could not read dos header from C:\WINDOWS\System32\ole32.dll
[0221/133122.905:ERROR:process_memory_win.cc(73)] ReadMemory at 0x7ff937ec0000 of 64 bytes failed: Only part of a ReadProcessMemory or WriteProcessMemory request was completed. (0x12B)
[0221/133122.905:WARNING:pe_image_reader.cc(302)] could not read dos header from C:\WINDOWS\System32\OLEAUT32.dll
[0221/133122.905:ERROR:process_memory_win.cc(73)] ReadMemory at 0x7ff937910000 of 64 bytes failed: Only part of a ReadProcessMemory or WriteProcessMemory request was completed. (0x12B)
[0221/133122.905:WARNING:pe_image_reader.cc(302)] could not read dos header from C:\WINDOWS\System32\WINTRUST.dll
[0221/133122.905:ERROR:process_memory_win.cc(73)] ReadMemory at 0x7ff936810000 of 64 bytes failed: Only part of a ReadProcessMemory or WriteProcessMemory request was completed. (0x12B)
[0221/133122.905:WARNING:pe_image_reader.cc(302)] could not read dos header from C:\WINDOWS\System32\MSASN1.dll
[0221/133122.906:ERROR:process_memory_win.cc(73)] ReadMemory at 0x7ff936830000 of 64 bytes failed: Only part of a ReadProcessMemory or WriteProcessMemory request was completed. (0x12B)
[0221/133122.906:WARNING:pe_image_reader.cc(302)] could not read dos header from C:\WINDOWS\System32\CRYPT32.dll
[0221/133122.906:ERROR:process_memory_win.cc(73)] ReadMemory at 0x7ff939f80000 of 64 bytes failed: Only part of a ReadProcessMemory or WriteProcessMemory request was completed. (0x12B)
[0221/133122.906:WARNING:pe_image_reader.cc(302)] could not read dos header from C:\WINDOWS\System32\COMDLG32.dll
[0221/133122.906:ERROR:process_memory_win.cc(73)] ReadMemory at 0x7ff935cb0000 of 64 bytes failed: Only part of a ReadProcessMemory or WriteProcessMemory request was completed. (0x12B)
[0221/133122.906:WARNING:pe_image_reader.cc(302)] could not read dos header from C:\WINDOWS\SYSTEM32\IPHLPAPI.DLL
[0221/133122.906:ERROR:process_memory_win.cc(73)] ReadMemory at 0x7ff9189f0000 of 64 bytes failed: Only part of a ReadProcessMemory or WriteProcessMemory request was completed. (0x12B)
[0221/133122.906:WARNING:pe_image_reader.cc(302)] could not read dos header from C:\WINDOWS\SYSTEM32\OLEACC.dll
[0221/133122.906:ERROR:process_memory_win.cc(73)] ReadMemory at 0x7ff9324e0000 of 64 bytes failed: Only part of a ReadProcessMemory or WriteProcessMemory request was completed. (0x12B)
[0221/133122.906:WARNING:pe_image_reader.cc(302)] could not read dos header from C:\WINDOWS\SYSTEM32\DWrite.dll
[0221/133122.906:ERROR:process_memory_win.cc(73)] ReadMemory at 0x7ff9354b0000 of 64 bytes failed: Only part of a ReadProcessMemory or WriteProcessMemory request was completed. (0x12B)
[0221/133122.906:WARNING:pe_image_reader.cc(302)] could not read dos header from C:\WINDOWS\SYSTEM32\dxgi.dll
[0221/133122.906:ERROR:process_memory_win.cc(73)] ReadMemory at 0x7ff926a90000 of 64 bytes failed: Only part of a ReadProcessMemory or WriteProcessMemory request was completed. (0x12B)
[0221/133122.906:WARNING:pe_image_reader.cc(302)] could not read dos header from C:\WINDOWS\SYSTEM32\WINSPOOL.DRV
[0221/133122.906:ERROR:process_memory_win.cc(73)] ReadMemory at 0x7ff9375c0000 of 64 bytes failed: Only part of a ReadProcessMemory or WriteProcessMemory request was completed. (0x12B)
[0221/133122.906:WARNING:pe_image_reader.cc(302)] could not read dos header from C:\WINDOWS\System32\bcrypt.dll
[0221/133122.906:ERROR:process_memory_win.cc(73)] ReadMemory at 0x7ff935110000 of 64 bytes failed: Only part of a ReadProcessMemory or WriteProcessMemory request was completed. (0x12B)
[0221/133122.906:WARNING:pe_image_reader.cc(302)] could not read dos header from C:\WINDOWS\SYSTEM32\dbghelp.dll
[0221/133122.907:ERROR:process_memory_win.cc(73)] ReadMemory at 0x7ff8f6d60000 of 64 bytes failed: Only part of a ReadProcessMemory or WriteProcessMemory request was completed. (0x12B)
[0221/133122.907:WARNING:pe_image_reader.cc(302)] could not read dos header from C:\WINDOWS\SYSTEM32\USP10.dll
[0221/133122.907:ERROR:process_memory_win.cc(73)] ReadMemory at 0x7ff926b40000 of 64 bytes failed: Only part of a ReadProcessMemory or WriteProcessMemory request was completed. (0x12B)
[0221/133122.907:WARNING:pe_image_reader.cc(302)] could not read dos header from C:\WINDOWS\WinSxS\amd64_microsoft.windows.common-controls_6595b64144ccf1df_6.0.17763.316_none_05b53be2071f46b6\COMCTL32.dll
[0221/133122.907:ERROR:process_memory_win.cc(73)] ReadMemory at 0x7ff92e4f0000 of 64 bytes failed: Only part of a ReadProcessMemory or WriteProcessMemory request was completed. (0x12B)
[0221/133122.907:WARNING:pe_image_reader.cc(302)] could not read dos header from C:\WINDOWS\SYSTEM32\WINHTTP.dll
[0221/133122.907:ERROR:process_memory_win.cc(73)] ReadMemory at 0x7ff9203c0000 of 64 bytes failed: Only part of a ReadProcessMemory or WriteProcessMemory request was completed. (0x12B)
[0221/133122.907:WARNING:pe_image_reader.cc(302)] could not read dos header from C:\WINDOWS\SYSTEM32\urlmon.dll
[0221/133122.907:ERROR:process_memory_win.cc(73)] ReadMemory at 0x7ff920610000 of 64 bytes failed: Only part of a ReadProcessMemory or WriteProcessMemory request was completed. (0x12B)
[0221/133122.907:WARNING:pe_image_reader.cc(302)] could not read dos header from C:\WINDOWS\SYSTEM32\Secur32.dll
[0221/133122.907:ERROR:process_memory_win.cc(73)] ReadMemory at 0x7ff929350000 of 64 bytes failed: Only part of a ReadProcessMemory or WriteProcessMemory request was completed. (0x12B)
[0221/133122.907:WARNING:pe_image_reader.cc(302)] could not read dos header from C:\WINDOWS\SYSTEM32\dhcpcsvc.DLL
[0221/133122.907:ERROR:process_memory_win.cc(73)] ReadMemory at 0x7ff93a500000 of 64 bytes failed: Only part of a ReadProcessMemory or WriteProcessMemory request was completed. (0x12B)
[0221/133122.907:WARNING:pe_image_reader.cc(302)] could not read dos header from C:\WINDOWS\System32\NSI.dll
[0221/133122.907:ERROR:process_memory_win.cc(73)] ReadMemory at 0x7ff932e00000 of 64 bytes failed: Only part of a ReadProcessMemory or WriteProcessMemory request was completed. (0x12B)
[0221/133122.907:WARNING:pe_image_reader.cc(302)] could not read dos header from C:\WINDOWS\SYSTEM32\PROPSYS.dll
[0221/133122.907:ERROR:process_memory_win.cc(73)] ReadMemory at 0x7ff9200e0000 of 64 bytes failed: Only part of a ReadProcessMemory or WriteProcessMemory request was completed. (0x12B)
[0221/133122.907:WARNING:pe_image_reader.cc(302)] could not read dos header from C:\WINDOWS\SYSTEM32\iertutil.dll
[0221/133122.908:ERROR:process_memory_win.cc(73)] ReadMemory at 0x7ff936660000 of 64 bytes failed: Only part of a ReadProcessMemory or WriteProcessMemory request was completed. (0x12B)
[0221/133122.908:WARNING:pe_image_reader.cc(302)] could not read dos header from C:\WINDOWS\SYSTEM32\SSPICLI.DLL
[0221/133122.913:ERROR:process_memory_win.cc(73)] ReadMemory at 0x7ff708e90000 of 64 bytes failed: Only part of a ReadProcessMemory or WriteProcessMemory request was completed. (0x12B)
[0221/133122.913:WARNING:pe_image_reader.cc(302)] could not read dos header from C:\Program Files (x86)\Google\Chrome\Application\chrome.exe
[0221/133122.913:ERROR:process_memory_win.cc(73)] ReadMemory at 0x7ff93a760000 of 64 bytes failed: Only part of a ReadProcessMemory or WriteProcessMemory request was completed. (0x12B)
[0221/133122.913:WARNING:pe_image_reader.cc(302)] could not read dos header from C:\WINDOWS\SYSTEM32\ntdll.dll
[0221/133122.913:ERROR:process_memory_win.cc(73)] ReadMemory at 0x7ff937f90000 of 64 bytes failed: Only part of a ReadProcessMemory or WriteProcessMemory request was completed. (0x12B)
[0221/133122.913:WARNING:pe_image_reader.cc(302)] could not read dos header from C:\WINDOWS\System32\KERNEL32.dll
[0221/133122.913:ERROR:process_memory_win.cc(73)] ReadMemory at 0x7ff936b80000 of 64 bytes failed: Only part of a ReadProcessMemory or WriteProcessMemory request was completed. (0x12B)
[0221/133122.913:WARNING:pe_image_reader.cc(302)] could not read dos header from C:\WINDOWS\System32\KERNELBASE.dll
[0221/133122.913:ERROR:process_memory_win.cc(73)] ReadMemory at 0x7ff934810000 of 64 bytes failed: Only part of a ReadProcessMemory or WriteProcessMemory request was completed. (0x12B)
[0221/133122.913:WARNING:pe_image_reader.cc(302)] could not read dos header from C:\WINDOWS\SYSTEM32\apphelp.dll
[0221/133122.913:ERROR:process_memory_win.cc(73)] ReadMemory at 0x7ff9386e0000 of 64 bytes failed: Only part of a ReadProcessMemory or WriteProcessMemory request was completed. (0x12B)
[0221/133122.913:WARNING:pe_image_reader.cc(302)] could not read dos header from C:\WINDOWS\System32\SHELL32.dll
[0221/133122.913:ERROR:process_memory_win.cc(73)] ReadMemory at 0x7ff937990000 of 64 bytes failed: Only part of a ReadProcessMemory or WriteProcessMemory request was completed. (0x12B)
[0221/133122.913:WARNING:pe_image_reader.cc(302)] could not read dos header from C:\WINDOWS\System32\msvcrt.dll
[0221/133122.913:ERROR:process_memory_win.cc(73)] ReadMemory at 0x7ff936e20000 of 64 bytes failed: Only part of a ReadProcessMemory or WriteProcessMemory request was completed. (0x12B)
[0221/133122.913:WARNING:pe_image_reader.cc(302)] could not read dos header from C:\WINDOWS\System32\cfgmgr32.dll
[0221/133122.914:ERROR:process_memory_win.cc(73)] ReadMemory at 0x7ff9375f0000 of 64 bytes failed: Only part of a ReadProcessMemory or WriteProcessMemory request was completed. (0x12B)
[0221/133122.914:WARNING:pe_image_reader.cc(302)] could not read dos header from C:\WINDOWS\System32\ucrtbase.dll
[0221/133122.914:ERROR:process_memory_win.cc(73)] ReadMemory at 0x7ff939d20000 of 64 bytes failed: Only part of a ReadProcessMemory or WriteProcessMemory request was completed. (0x12B)
[0221/133122.914:WARNING:pe_image_reader.cc(302)] could not read dos header from C:\WINDOWS\System32\shcore.dll
[0221/133122.914:ERROR:process_memory_win.cc(73)] ReadMemory at 0x7ff939df0000 of 64 bytes failed: Only part of a ReadProcessMemory or WriteProcessMemory request was completed. (0x12B)
[0221/133122.914:WARNING:pe_image_reader.cc(302)] could not read dos header from C:\WINDOWS\System32\RPCRT4.dll
[0221/133122.914:ERROR:process_memory_win.cc(73)] ReadMemory at 0x7ff9382f0000 of 64 bytes failed: Only part of a ReadProcessMemory or WriteProcessMemory request was completed. (0x12B)
[0221/133122.914:WARNING:pe_image_reader.cc(302)] could not read dos header from C:\WINDOWS\System32\combase.dll
[0221/133122.914:ERROR:process_memory_win.cc(73)] ReadMemory at 0x7ff9376f0000 of 64 bytes failed: Only part of a ReadProcessMemory or WriteProcessMemory request was completed. (0x12B)
[0221/133122.914:WARNING:pe_image_reader.cc(302)] could not read dos header from C:\WINDOWS\System32\bcryptPrimitives.dll
[0221/133122.915:ERROR:process_memory_win.cc(73)] ReadMemory at 0x7ff936e70000 of 64 bytes failed: Only part of a ReadProcessMemory or WriteProcessMemory request was completed. (0x12B)
[0221/133122.915:WARNING:pe_image_reader.cc(302)] could not read dos header from C:\WINDOWS\System32\windows.storage.dll
[0221/133122.915:ERROR:process_memory_win.cc(73)] ReadMemory at 0x7ff936a30000 of 64 bytes failed: Only part of a ReadProcessMemory or WriteProcessMemory request was completed. (0x12B)
[0221/133122.915:WARNING:pe_image_reader.cc(302)] could not read dos header from C:\WINDOWS\System32\msvcp_win.dll
[0221/133122.915:ERROR:process_memory_win.cc(73)] ReadMemory at 0x7ff939bd0000 of 64 bytes failed: Only part of a ReadProcessMemory or WriteProcessMemory request was completed. (0x12B)
[0221/133122.915:WARNING:pe_image_reader.cc(302)] could not read dos header from C:\WINDOWS\System32\sechost.dll
[0221/133122.915:ERROR:process_memory_win.cc(73)] ReadMemory at 0x7ff939c70000 of 64 bytes failed: Only part of a ReadProcessMemory or WriteProcessMemory request was completed. (0x12B)
[0221/133122.915:WARNING:pe_image_reader.cc(302)] could not read dos header from C:\WINDOWS\System32\advapi32.dll
[0221/133122.915:ERROR:process_memory_win.cc(73)] ReadMemory at 0x7ff9367e0000 of 64 bytes failed: Only part of a ReadProcessMemory or WriteProcessMemory request was completed. (0x12B)
[0221/133122.915:WARNING:pe_image_reader.cc(302)] could not read dos header from C:\WINDOWS\System32\profapi.dll
[0221/133122.915:ERROR:process_memory_win.cc(73)] ReadMemory at 0x7ff936780000 of 64 bytes failed: Only part of a ReadProcessMemory or WriteProcessMemory request was completed. (0x12B)
[0221/133122.915:WARNING:pe_image_reader.cc(302)] could not read dos header from C:\WINDOWS\System32\powrprof.dll
[0221/133122.915:ERROR:process_memory_win.cc(73)] ReadMemory at 0x7ff939f20000 of 64 bytes failed: Only part of a ReadProcessMemory or WriteProcessMemory request was completed. (0x12B)
[0221/133122.915:WARNING:pe_image_reader.cc(302)] could not read dos header from C:\WINDOWS\System32\shlwapi.dll
[0221/133122.915:ERROR:process_memory_win.cc(73)] ReadMemory at 0x7ff93a700000 of 64 bytes failed: Only part of a ReadProcessMemory or WriteProcessMemory request was completed. (0x12B)
[0221/133122.915:WARNING:pe_image_reader.cc(302)] could not read dos header from C:\WINDOWS\System32\GDI32.dll
[0221/133122.915:ERROR:process_memory_win.cc(73)] ReadMemory at 0x7ff937770000 of 64 bytes failed: Only part of a ReadProcessMemory or WriteProcessMemory request was completed. (0x12B)
[0221/133122.916:WARNING:pe_image_reader.cc(302)] could not read dos header from C:\WINDOWS\System32\gdi32full.dll
[0221/133122.916:ERROR:process_memory_win.cc(73)] ReadMemory at 0x7ff93a180000 of 64 bytes failed: Only part of a ReadProcessMemory or WriteProcessMemory request was completed. (0x12B)
[0221/133122.916:WARNING:pe_image_reader.cc(302)] could not read dos header from C:\WINDOWS\System32\USER32.dll
[0221/133122.916:ERROR:process_memory_win.cc(73)] ReadMemory at 0x7ff937970000 of 64 bytes failed: Only part of a ReadProcessMemory or WriteProcessMemory request was completed. (0x12B)
[0221/133122.916:WARNING:pe_image_reader.cc(302)] could not read dos header from C:\WINDOWS\System32\win32u.dll
[0221/133122.916:ERROR:process_memory_win.cc(73)] ReadMemory at 0x7ff936760000 of 64 bytes failed: Only part of a ReadProcessMemory or WriteProcessMemory request was completed. (0x12B)
[0221/133122.916:WARNING:pe_image_reader.cc(302)] could not read dos header from C:\WINDOWS\System32\kernel.appcore.dll
[0221/133122.916:ERROR:process_memory_win.cc(73)] ReadMemory at 0x7ff936a10000 of 64 bytes failed: Only part of a ReadProcessMemory or WriteProcessMemory request was completed. (0x12B)
[0221/133122.916:WARNING:pe_image_reader.cc(302)] could not read dos header from C:\WINDOWS\System32\cryptsp.dll
[0221/133122.916:ERROR:process_memory_win.cc(73)] ReadMemory at 0x7ff937a30000 of 64 bytes failed: Only part of a ReadProcessMemory or WriteProcessMemory request was completed. (0x12B)
[0221/133122.916:WARNING:pe_image_reader.cc(302)] could not read dos header from C:\WINDOWS\System32\PSAPI.DLL
[0221/133122.916:ERROR:process_memory_win.cc(73)] ReadMemory at 0x7ff90beb0000 of 64 bytes failed: Only part of a ReadProcessMemory or WriteProcessMemory request was completed. (0x12B)
[0221/133122.916:WARNING:pe_image_reader.cc(302)] could not read dos header from C:\Program Files (x86)\Google\Chrome\Application\72.0.3626.109\chrome_elf.dll
[0221/133122.916:ERROR:process_memory_win.cc(73)] ReadMemory at 0x7ff92e790000 of 64 bytes failed: Only part of a ReadProcessMemory or WriteProcessMemory request was completed. (0x12B)
[0221/133122.916:WARNING:pe_image_reader.cc(302)] could not read dos header from C:\WINDOWS\SYSTEM32\VERSION.dll
[0221/133122.916:ERROR:process_memory_win.cc(73)] ReadMemory at 0x7ff9274e0000 of 64 bytes failed: Only part of a ReadProcessMemory or WriteProcessMemory request was completed. (0x12B)
[0221/133122.916:WARNING:pe_image_reader.cc(302)] could not read dos header from C:\WINDOWS\SYSTEM32\WINMM.dll
[0221/133122.916:ERROR:process_memory_win.cc(73)] ReadMemory at 0x7ff936690000 of 64 bytes failed: Only part of a ReadProcessMemory or WriteProcessMemory request was completed. (0x12B)
[0221/133122.917:WARNING:pe_image_reader.cc(302)] could not read dos header from C:\WINDOWS\SYSTEM32\USERENV.dll
[0221/133122.917:ERROR:process_memory_win.cc(73)] ReadMemory at 0x7ff9274b0000 of 64 bytes failed: Only part of a ReadProcessMemory or WriteProcessMemory request was completed. (0x12B)
[0221/133122.917:WARNING:pe_image_reader.cc(302)] could not read dos header from C:\WINDOWS\SYSTEM32\WINMMBASE.dll
[0221/133122.917:ERROR:process_memory_win.cc(73)] ReadMemory at 0x7ff936160000 of 64 bytes failed: Only part of a ReadProcessMemory or WriteProcessMemory request was completed. (0x12B)
[0221/133122.917:WARNING:pe_image_reader.cc(302)] could not read dos header from C:\WINDOWS\SYSTEM32\CRYPTBASE.DLL
[0221/133122.917:ERROR:process_memory_win.cc(73)] ReadMemory at 0x1a065bb0000 of 64 bytes failed: Only part of a ReadProcessMemory or WriteProcessMemory request was completed. (0x12B)
[0221/133122.917:WARNING:pe_image_reader.cc(302)] could not read dos header from C:\WINDOWS\System32\IMM32.DLL
[0221/133122.917:ERROR:process_memory_win.cc(73)] ReadMemory at 0x7ff8c9a30000 of 64 bytes failed: Only part of a ReadProcessMemory or WriteProcessMemory request was completed. (0x12B)
[0221/133122.917:WARNING:pe_image_reader.cc(302)] could not read dos header from C:\Program Files (x86)\Google\Chrome\Application\72.0.3626.109\chrome_child.dll
[0221/133122.917:ERROR:process_memory_win.cc(73)] ReadMemory at 0x7ff93a0b0000 of 64 bytes failed: Only part of a ReadProcessMemory or WriteProcessMemory request was completed. (0x12B)
[0221/133122.917:WARNING:pe_image_reader.cc(302)] could not read dos header from C:\WINDOWS\System32\WS2_32.dll
[0221/133122.917:ERROR:process_memory_win.cc(73)] ReadMemory at 0x1a065f10000 of 64 bytes failed: Only part of a ReadProcessMemory or WriteProcessMemory request was completed. (0x12B)
[0221/133122.917:WARNING:pe_image_reader.cc(302)] could not read dos header from C:\WINDOWS\System32\ole32.dll
[0221/133122.917:ERROR:process_memory_win.cc(73)] ReadMemory at 0x7ff937ec0000 of 64 bytes failed: Only part of a ReadProcessMemory or WriteProcessMemory request was completed. (0x12B)
[0221/133122.917:WARNING:pe_image_reader.cc(302)] could not read dos header from C:\WINDOWS\System32\OLEAUT32.dll
[0221/133122.918:ERROR:process_memory_win.cc(73)] ReadMemory at 0x7ff937910000 of 64 bytes failed: Only part of a ReadProcessMemory or WriteProcessMemory request was completed. (0x12B)
[0221/133122.918:WARNING:pe_image_reader.cc(302)] could not read dos header from C:\WINDOWS\System32\WINTRUST.dll
[0221/133122.918:ERROR:process_memory_win.cc(73)] ReadMemory at 0x7ff936810000 of 64 bytes failed: Only part of a ReadProcessMemory or WriteProcessMemory request was completed. (0x12B)
[0221/133122.918:WARNING:pe_image_reader.cc(302)] could not read dos header from C:\WINDOWS\System32\MSASN1.dll
[0221/133122.918:ERROR:process_memory_win.cc(73)] ReadMemory at 0x7ff936830000 of 64 bytes failed: Only part of a ReadProcessMemory or WriteProcessMemory request was completed. (0x12B)
[0221/133122.918:WARNING:pe_image_reader.cc(302)] could not read dos header from C:\WINDOWS\System32\CRYPT32.dll
[0221/133122.918:ERROR:process_memory_win.cc(73)] ReadMemory at 0x7ff939f80000 of 64 bytes failed: Only part of a ReadProcessMemory or WriteProcessMemory request was completed. (0x12B)
[0221/133122.918:WARNING:pe_image_reader.cc(302)] could not read dos header from C:\WINDOWS\System32\COMDLG32.dll
[0221/133122.918:ERROR:process_memory_win.cc(73)] ReadMemory at 0x7ff935cb0000 of 64 bytes failed: Only part of a ReadProcessMemory or WriteProcessMemory request was completed. (0x12B)
[0221/133122.918:WARNING:pe_image_reader.cc(302)] could not read dos header from C:\WINDOWS\SYSTEM32\IPHLPAPI.DLL
[0221/133122.918:ERROR:process_memory_win.cc(73)] ReadMemory at 0x7ff9189f0000 of 64 bytes failed: Only part of a ReadProcessMemory or WriteProcessMemory request was completed. (0x12B)
[0221/133122.918:WARNING:pe_image_reader.cc(302)] could not read dos header from C:\WINDOWS\SYSTEM32\OLEACC.dll
[0221/133122.918:ERROR:process_memory_win.cc(73)] ReadMemory at 0x7ff9324e0000 of 64 bytes failed: Only part of a ReadProcessMemory or WriteProcessMemory request was completed. (0x12B)
[0221/133122.918:WARNING:pe_image_reader.cc(302)] could not read dos header from C:\WINDOWS\SYSTEM32\DWrite.dll
[0221/133122.918:ERROR:process_memory_win.cc(73)] ReadMemory at 0x7ff9354b0000 of 64 bytes failed: Only part of a ReadProcessMemory or WriteProcessMemory request was completed. (0x12B)
[0221/133122.918:WARNING:pe_image_reader.cc(302)] could not read dos header from C:\WINDOWS\SYSTEM32\dxgi.dll
[0221/133122.918:ERROR:process_memory_win.cc(73)] ReadMemory at 0x7ff926a90000 of 64 bytes failed: Only part of a ReadProcessMemory or WriteProcessMemory request was completed. (0x12B)
[0221/133122.919:WARNING:pe_image_reader.cc(302)] could not read dos header from C:\WINDOWS\SYSTEM32\WINSPOOL.DRV
[0221/133122.919:ERROR:process_memory_win.cc(73)] ReadMemory at 0x7ff9375c0000 of 64 bytes failed: Only part of a ReadProcessMemory or WriteProcessMemory request was completed. (0x12B)
[0221/133122.919:WARNING:pe_image_reader.cc(302)] could not read dos header from C:\WINDOWS\System32\bcrypt.dll
[0221/133122.919:ERROR:process_memory_win.cc(73)] ReadMemory at 0x7ff935110000 of 64 bytes failed: Only part of a ReadProcessMemory or WriteProcessMemory request was completed. (0x12B)
[0221/133122.919:WARNING:pe_image_reader.cc(302)] could not read dos header from C:\WINDOWS\SYSTEM32\dbghelp.dll
[0221/133122.919:ERROR:process_memory_win.cc(73)] ReadMemory at 0x7ff8f6d60000 of 64 bytes failed: Only part of a ReadProcessMemory or WriteProcessMemory request was completed. (0x12B)
[0221/133122.919:WARNING:pe_image_reader.cc(302)] could not read dos header from C:\WINDOWS\SYSTEM32\USP10.dll
[0221/133122.919:ERROR:process_memory_win.cc(73)] ReadMemory at 0x7ff926b40000 of 64 bytes failed: Only part of a ReadProcessMemory or WriteProcessMemory request was completed. (0x12B)
[0221/133122.919:WARNING:pe_image_reader.cc(302)] could not read dos header from C:\WINDOWS\WinSxS\amd64_microsoft.windows.common-controls_6595b64144ccf1df_6.0.17763.316_none_05b53be2071f46b6\COMCTL32.dll
[0221/133122.919:ERROR:process_memory_win.cc(73)] ReadMemory at 0x7ff92e4f0000 of 64 bytes failed: Only part of a ReadProcessMemory or WriteProcessMemory request was completed. (0x12B)
[0221/133122.919:WARNING:pe_image_reader.cc(302)] could not read dos header from C:\WINDOWS\SYSTEM32\WINHTTP.dll
[0221/133122.919:ERROR:process_memory_win.cc(73)] ReadMemory at 0x7ff9203c0000 of 64 bytes failed: Only part of a ReadProcessMemory or WriteProcessMemory request was completed. (0x12B)
[0221/133122.919:WARNING:pe_image_reader.cc(302)] could not read dos header from C:\WINDOWS\SYSTEM32\urlmon.dll
[0221/133122.919:ERROR:process_memory_win.cc(73)] ReadMemory at 0x7ff920610000 of 64 bytes failed: Only part of a ReadProcessMemory or WriteProcessMemory request was completed. (0x12B)
[0221/133122.919:WARNING:pe_image_reader.cc(302)] could not read dos header from C:\WINDOWS\SYSTEM32\Secur32.dll
[0221/133122.920:ERROR:process_memory_win.cc(73)] ReadMemory at 0x7ff929350000 of 64 bytes failed: Only part of a ReadProcessMemory or WriteProcessMemory request was completed. (0x12B)
[0221/133122.920:WARNING:pe_image_reader.cc(302)] could not read dos header from C:\WINDOWS\SYSTEM32\dhcpcsvc.DLL
[0221/133122.920:ERROR:process_memory_win.cc(73)] ReadMemory at 0x7ff93a500000 of 64 bytes failed: Only part of a ReadProcessMemory or WriteProcessMemory request was completed. (0x12B)
[0221/133122.920:WARNING:pe_image_reader.cc(302)] could not read dos header from C:\WINDOWS\System32\NSI.dll
[0221/133122.920:ERROR:process_memory_win.cc(73)] ReadMemory at 0x7ff932e00000 of 64 bytes failed: Only part of a ReadProcessMemory or WriteProcessMemory request was completed. (0x12B)
[0221/133122.920:WARNING:pe_image_reader.cc(302)] could not read dos header from C:\WINDOWS\SYSTEM32\PROPSYS.dll
[0221/133122.920:ERROR:process_memory_win.cc(73)] ReadMemory at 0x7ff9200e0000 of 64 bytes failed: Only part of a ReadProcessMemory or WriteProcessMemory request was completed. (0x12B)
[0221/133122.920:WARNING:pe_image_reader.cc(302)] could not read dos header from C:\WINDOWS\SYSTEM32\iertutil.dll
[0221/133122.920:ERROR:process_memory_win.cc(73)] ReadMemory at 0x7ff936660000 of 64 bytes failed: Only part of a ReadProcessMemory or WriteProcessMemory request was completed. (0x12B)
[0221/133122.920:WARNING:pe_image_reader.cc(302)] could not read dos header from C:\WINDOWS\SYSTEM32\SSPICLI.DLL
[0221/133122.962:ERROR:process_memory_win.cc(73)] ReadMemory at 0x48577ed000 of 77824 bytes failed: Only part of a ReadProcessMemory or WriteProcessMemory request was completed. (0x12B)
[0221/133122.962:ERROR:process_memory_win.cc(73)] ReadMemory at 0x48579fd000 of 12288 bytes failed: Only part of a ReadProcessMemory or WriteProcessMemory request was completed. (0x12B)
[0221/133122.962:ERROR:process_memory_win.cc(73)] ReadMemory at 0x4857bfd000 of 12288 bytes failed: Only part of a ReadProcessMemory or WriteProcessMemory request was completed. (0x12B)
[0221/133122.962:ERROR:process_memory_win.cc(73)] ReadMemory at 0x4857df9000 of 28672 bytes failed: Only part of a ReadProcessMemory or WriteProcessMemory request was completed. (0x12B)
[0221/133122.962:ERROR:process_memory_win.cc(73)] ReadMemory at 0x4857ffe000 of 8192 bytes failed: Only part of a ReadProcessMemory or WriteProcessMemory request was completed. (0x12B)
[0221/133122.962:ERROR:process_memory_win.cc(73)] ReadMemory at 0x48581fe000 of 8192 bytes failed: Only part of a ReadProcessMemory or WriteProcessMemory request was completed. (0x12B)
[0221/133122.962:ERROR:process_memory_win.cc(73)] ReadMemory at 0x48583fd000 of 12288 bytes failed: Only part of a ReadProcessMemory or WriteProcessMemory request was completed. (0x12B)
[0221/133122.963:ERROR:process_memory_win.cc(73)] ReadMemory at 0x48585ff000 of 4096 bytes failed: Only part of a ReadProcessMemory or WriteProcessMemory request was completed. (0x12B)
[0221/133122.963:ERROR:process_memory_win.cc(73)] ReadMemory at 0x48587fe000 of 8192 bytes failed: Only part of a ReadProcessMemory or WriteProcessMemory request was completed. (0x12B)
[0221/133122.963:ERROR:process_memory_win.cc(73)] ReadMemory at 0x48589fd000 of 12288 bytes failed: Only part of a ReadProcessMemory or WriteProcessMemory request was completed. (0x12B)
[0221/133122.963:ERROR:process_memory_win.cc(73)] ReadMemory at 0x4858be8000 of 98304 bytes failed: Only part of a ReadProcessMemory or WriteProcessMemory request was completed. (0x12B)
[0221/133122.963:ERROR:process_memory_win.cc(73)] ReadMemory at 0x4858de8000 of 98304 bytes failed: Only part of a ReadProcessMemory or WriteProcessMemory request was completed. (0x12B)
[0221/133122.964:ERROR:process_memory_win.cc(73)] ReadMemory at 0x4858ffe000 of 8192 bytes failed: Only part of a ReadProcessMemory or WriteProcessMemory request was completed. (0x12B)
[0221/133122.964:ERROR:process_memory_win.cc(73)] ReadMemory at 0x48591f9000 of 28672 bytes failed: Only part of a ReadProcessMemory or WriteProcessMemory request was completed. (0x12B)
[0221/133122.965:ERROR:process_memory_win.cc(73)] ReadMemory at 0x48593fe000 of 8192 bytes failed: Only part of a ReadProcessMemory or WriteProcessMemory request was completed. (0x12B)
[0221/133122.965:ERROR:process_memory_win.cc(73)] ReadMemory at 0x48595fe000 of 8192 bytes failed: Only part of a ReadProcessMemory or WriteProcessMemory request was completed. (0x12B)
[0221/133122.965:ERROR:process_memory_win.cc(73)] ReadMemory at 0x48597fd000 of 12288 bytes failed: Only part of a ReadProcessMemory or WriteProcessMemory request was completed. (0x12B)
[0221/133122.965:ERROR:process_memory_win.cc(73)] ReadMemory at 0x4857400000 of 6024 bytes failed: Only part of a ReadProcessMemory or WriteProcessMemory request was completed. (0x12B)
[0221/133122.965:ERROR:process_memory_win.cc(73)] ReadMemory at 0x4857402000 of 6024 bytes failed: Only part of a ReadProcessMemory or WriteProcessMemory request was completed. (0x12B)
[0221/133122.965:ERROR:process_memory_win.cc(73)] ReadMemory at 0x4857404000 of 6024 bytes failed: Only part of a ReadProcessMemory or WriteProcessMemory request was completed. (0x12B)
[0221/133122.965:ERROR:process_memory_win.cc(73)] ReadMemory at 0x4857406000 of 6024 bytes failed: Only part of a ReadProcessMemory or WriteProcessMemory request was completed. (0x12B)
[0221/133122.965:ERROR:process_memory_win.cc(73)] ReadMemory at 0x4857408000 of 6024 bytes failed: Only part of a ReadProcessMemory or WriteProcessMemory request was completed. (0x12B)
[0221/133122.965:ERROR:process_memory_win.cc(73)] ReadMemory at 0x485740a000 of 6024 bytes failed: Only part of a ReadProcessMemory or WriteProcessMemory request was completed. (0x12B)
[0221/133122.965:ERROR:process_memory_win.cc(73)] ReadMemory at 0x485740c000 of 6024 bytes failed: Only part of a ReadProcessMemory or WriteProcessMemory request was completed. (0x12B)
[0221/133122.966:ERROR:process_memory_win.cc(73)] ReadMemory at 0x485740e000 of 6024 bytes failed: Only part of a ReadProcessMemory or WriteProcessMemory request was completed. (0x12B)
[0221/133122.966:ERROR:process_memory_win.cc(73)] ReadMemory at 0x4857410000 of 6024 bytes failed: Only part of a ReadProcessMemory or WriteProcessMemory request was completed. (0x12B)
[0221/133122.966:ERROR:process_memory_win.cc(73)] ReadMemory at 0x4857412000 of 6024 bytes failed: Only part of a ReadProcessMemory or WriteProcessMemory request was completed. (0x12B)
[0221/133122.966:ERROR:process_memory_win.cc(73)] ReadMemory at 0x4857414000 of 6024 bytes failed: Only part of a ReadProcessMemory or WriteProcessMemory request was completed. (0x12B)
[0221/133122.966:ERROR:process_memory_win.cc(73)] ReadMemory at 0x4857416000 of 6024 bytes failed: Only part of a ReadProcessMemory or WriteProcessMemory request was completed. (0x12B)
[0221/133122.967:ERROR:process_memory_win.cc(73)] ReadMemory at 0x4857418000 of 6024 bytes failed: Only part of a ReadProcessMemory or WriteProcessMemory request was completed. (0x12B)
[0221/133122.967:ERROR:process_memory_win.cc(73)] ReadMemory at 0x485741a000 of 6024 bytes failed: Only part of a ReadProcessMemory or WriteProcessMemory request was completed. (0x12B)
[0221/133122.967:ERROR:process_memory_win.cc(73)] ReadMemory at 0x485741c000 of 6024 bytes failed: Only part of a ReadProcessMemory or WriteProcessMemory request was completed. (0x12B)
[0221/133122.967:ERROR:process_memory_win.cc(73)] ReadMemory at 0x485741e000 of 6024 bytes failed: Only part of a ReadProcessMemory or WriteProcessMemory request was completed. (0x12B)
[0221/133122.968:ERROR:process_memory_win.cc(73)] ReadMemory at 0x4857420000 of 6024 bytes failed: Only part of a ReadProcessMemory or WriteProcessMemory request was completed. (0x12B)
[0221/133122.968:ERROR:process_memory_win.cc(73)] ReadMemory at 0x48575fe000 of 852 bytes failed: Only part of a ReadProcessMemory or WriteProcessMemory request was completed. (0x12B)
[0221/133122.968:ERROR:process_memory_win.cc(73)] ReadMemory at 0x1a065a70fe0 of 4526 bytes failed: Only part of a ReadProcessMemory or WriteProcessMemory request was completed. (0x12B)
[0221/133122.968:ERROR:process_memory_win.cc(73)] ReadMemory at 0x1a065a721a0 of 1012 bytes failed: Only part of a ReadProcessMemory or WriteProcessMemory request was completed. (0x12B)
[0221/133122.968:ERROR:process_memory_win.cc(73)] ReadMemory at 0x1a065a727c8 of 118 bytes failed: Only part of a ReadProcessMemory or WriteProcessMemory request was completed. (0x12B)
[0221/133122.968:ERROR:process_memory_win.cc(73)] ReadMemory at 0x1a065a72840 of 1438 bytes failed: Only part of a ReadProcessMemory or WriteProcessMemory request was completed. (0x12B)
[0221/133122.968:ERROR:process_memory_win.cc(73)] ReadMemory at 0x1a065a72de0 of 118 bytes failed: Only part of a ReadProcessMemory or WriteProcessMemory request was completed. (0x12B)
[0221/133122.968:ERROR:process_memory_win.cc(73)] ReadMemory at 0x1a065a72e58 of 96 bytes failed: Only part of a ReadProcessMemory or WriteProcessMemory request was completed. (0x12B)
[0221/133122.968:ERROR:process_memory_win.cc(73)] ReadMemory at 0x1a065a72ed0 of 58 bytes failed: Only part of a ReadProcessMemory or WriteProcessMemory request was completed. (0x12B)
[0221/133122.969:ERROR:process_memory_win.cc(73)] ReadMemory at 0x1a065a72fd0 of 132 bytes failed: Only part of a ReadProcessMemory or WriteProcessMemory request was completed. (0x12B)
[0221/133122.969:ERROR:process_memory_win.cc(73)] ReadMemory at 0x1a065a73160 of 132 bytes failed: Only part of a ReadProcessMemory or WriteProcessMemory request was completed. (0x12B)
[0221/133122.969:ERROR:process_memory_win.cc(73)] ReadMemory at 0x1a065a73320 of 126 bytes failed: Only part of a ReadProcessMemory or WriteProcessMemory request was completed. (0x12B)
[0221/133122.969:ERROR:process_memory_win.cc(73)] ReadMemory at 0x1a065a73f00 of 132 bytes failed: Only part of a ReadProcessMemory or WriteProcessMemory request was completed. (0x12B)
[0221/133122.969:ERROR:process_memory_win.cc(73)] ReadMemory at 0x1a065a74090 of 64 bytes failed: Only part of a ReadProcessMemory or WriteProcessMemory request was completed. (0x12B)
[0221/133122.969:ERROR:process_memory_win.cc(73)] ReadMemory at 0x1a065a740e0 of 132 bytes failed: Only part of a ReadProcessMemory or WriteProcessMemory request was completed. (0x12B)
[0221/133122.970:ERROR:process_memory_win.cc(73)] ReadMemory at 0x1a065a74460 of 62 bytes failed: Only part of a ReadProcessMemory or WriteProcessMemory request was completed. (0x12B)
[0221/133122.970:ERROR:process_memory_win.cc(73)] ReadMemory at 0x1a065a744f0 of 132 bytes failed: Only part of a ReadProcessMemory or WriteProcessMemory request was completed. (0x12B)
[0221/133122.970:ERROR:process_memory_win.cc(73)] ReadMemory at 0x1a065a74680 of 68 bytes failed: Only part of a ReadProcessMemory or WriteProcessMemory request was completed. (0x12B)
[0221/133122.970:ERROR:process_memory_win.cc(73)] ReadMemory at 0x1a065a7f800 of 132 bytes failed: Only part of a ReadProcessMemory or WriteProcessMemory request was completed. (0x12B)
[0221/133122.970:ERROR:process_memory_win.cc(73)] ReadMemory at 0x1a065a7fa10 of 132 bytes failed: Only part of a ReadProcessMemory or WriteProcessMemory request was completed. (0x12B)
[0221/133122.970:ERROR:process_memory_win.cc(73)] ReadMemory at 0x1a065a7fba0 of 62 bytes failed: Only part of a ReadProcessMemory or WriteProcessMemory request was completed. (0x12B)
[0221/133122.970:ERROR:process_memory_win.cc(73)] ReadMemory at 0x1a065a81380 of 132 bytes failed: Only part of a ReadProcessMemory or WriteProcessMemory request was completed. (0x12B)
[0221/133122.970:ERROR:process_memory_win.cc(73)] ReadMemory at 0x1a065a814b0 of 60 bytes failed: Only part of a ReadProcessMemory or WriteProcessMemory request was completed. (0x12B)
[0221/133122.970:ERROR:process_memory_win.cc(73)] ReadMemory at 0x1a065a816d0 of 132 bytes failed: Only part of a ReadProcessMemory or WriteProcessMemory request was completed. (0x12B)
[0221/133122.971:ERROR:process_memory_win.cc(73)] ReadMemory at 0x1a065a81860 of 64 bytes failed: Only part of a ReadProcessMemory or WriteProcessMemory request was completed. (0x12B)
[0221/133122.971:ERROR:process_memory_win.cc(73)] ReadMemory at 0x1a065a81ab0 of 132 bytes failed: Only part of a ReadProcessMemory or WriteProcessMemory request was completed. (0x12B)
[0221/133122.972:ERROR:process_memory_win.cc(73)] ReadMemory at 0x1a065a81c40 of 64 bytes failed: Only part of a ReadProcessMemory or WriteProcessMemory request was completed. (0x12B)
[0221/133122.972:ERROR:process_memory_win.cc(73)] ReadMemory at 0x1a065a82d70 of 132 bytes failed: Only part of a ReadProcessMemory or WriteProcessMemory request was completed. (0x12B)
[0221/133122.972:ERROR:process_memory_win.cc(73)] ReadMemory at 0x1a065a82f50 of 62 bytes failed: Only part of a ReadProcessMemory or WriteProcessMemory request was completed. (0x12B)
[0221/133122.972:ERROR:process_memory_win.cc(73)] ReadMemory at 0x1a065a83090 of 64 bytes failed: Only part of a ReadProcessMemory or WriteProcessMemory request was completed. (0x12B)
[0221/133122.972:ERROR:process_memory_win.cc(73)] ReadMemory at 0x1a065a83130 of 62 bytes failed: Only part of a ReadProcessMemory or WriteProcessMemory request was completed. (0x12B)
[0221/133122.972:ERROR:process_memory_win.cc(73)] ReadMemory at 0x1a065a831d0 of 64 bytes failed: Only part of a ReadProcessMemory or WriteProcessMemory request was completed. (0x12B)
[0221/133122.972:ERROR:process_memory_win.cc(73)] ReadMemory at 0x1a065a832c0 of 62 bytes failed: Only part of a ReadProcessMemory or WriteProcessMemory request was completed. (0x12B)
[0221/133122.972:ERROR:process_memory_win.cc(73)] ReadMemory at 0x1a065a83310 of 58 bytes failed: Only part of a ReadProcessMemory or WriteProcessMemory request was completed. (0x12B)
[0221/133122.972:ERROR:process_memory_win.cc(73)] ReadMemory at 0x1a065a833b0 of 66 bytes failed: Only part of a ReadProcessMemory or WriteProcessMemory request was completed. (0x12B)
[0221/133122.972:ERROR:process_memory_win.cc(73)] ReadMemory at 0x1a065a83400 of 58 bytes failed: Only part of a ReadProcessMemory or WriteProcessMemory request was completed. (0x12B)
[0221/133122.972:ERROR:process_memory_win.cc(73)] ReadMemory at 0x1a065a83450 of 60 bytes failed: Only part of a ReadProcessMemory or WriteProcessMemory request was completed. (0x12B)
[0221/133122.973:ERROR:process_memory_win.cc(73)] ReadMemory at 0x1a065a834a0 of 62 bytes failed: Only part of a ReadProcessMemory or WriteProcessMemory request was completed. (0x12B)
[0221/133122.973:ERROR:process_memory_win.cc(73)] ReadMemory at 0x1a065a834f0 of 66 bytes failed: Only part of a ReadProcessMemory or WriteProcessMemory request was completed. (0x12B)
[0221/133122.973:ERROR:process_memory_win.cc(73)] ReadMemory at 0x1a065a83540 of 60 bytes failed: Only part of a ReadProcessMemory or WriteProcessMemory request was completed. (0x12B)
[0221/133122.973:ERROR:process_memory_win.cc(73)] ReadMemory at 0x1a065a83590 of 60 bytes failed: Only part of a ReadProcessMemory or WriteProcessMemory request was completed. (0x12B)
[0221/133122.973:ERROR:process_memory_win.cc(73)] ReadMemory at 0x1a065a83630 of 60 bytes failed: Only part of a ReadProcessMemory or WriteProcessMemory request was completed. (0x12B)
[0221/133122.973:ERROR:process_memory_win.cc(73)] ReadMemory at 0x1a065a83680 of 62 bytes failed: Only part of a ReadProcessMemory or WriteProcessMemory request was completed. (0x12B)
[0221/133122.973:ERROR:process_memory_win.cc(73)] ReadMemory at 0x1a065a83970 of 132 bytes failed: Only part of a ReadProcessMemory or WriteProcessMemory request was completed. (0x12B)
[0221/133122.974:ERROR:process_memory_win.cc(73)] ReadMemory at 0x1a065a83df0 of 76 bytes failed: Only part of a ReadProcessMemory or WriteProcessMemory request was completed. (0x12B)
[0221/133122.974:ERROR:process_memory_win.cc(73)] ReadMemory at 0x1a065a83fd0 of 80 bytes failed: Only part of a ReadProcessMemory or WriteProcessMemory request was completed. (0x12B)
[0221/133122.974:ERROR:process_memory_win.cc(73)] ReadMemory at 0x1a065a84150 of 78 bytes failed: Only part of a ReadProcessMemory or WriteProcessMemory request was completed. (0x12B)
[0221/133122.974:ERROR:process_memory_win.cc(73)] ReadMemory at 0x1a065a84470 of 132 bytes failed: Only part of a ReadProcessMemory or WriteProcessMemory request was completed. (0x12B)
[0221/133122.974:ERROR:process_memory_win.cc(73)] ReadMemory at 0x1a065a84840 of 132 bytes failed: Only part of a ReadProcessMemory or WriteProcessMemory request was completed. (0x12B)
[0221/133122.974:ERROR:process_memory_win.cc(73)] ReadMemory at 0x1a065a84b00 of 132 bytes failed: Only part of a ReadProcessMemory or WriteProcessMemory request was completed. (0x12B)
[0221/133122.974:ERROR:process_memory_win.cc(73)] ReadMemory at 0x1a065a85050 of 132 bytes failed: Only part of a ReadProcessMemory or WriteProcessMemory request was completed. (0x12B)
[0221/133122.974:ERROR:process_memory_win.cc(73)] ReadMemory at 0x1a065a85180 of 132 bytes failed: Only part of a ReadProcessMemory or WriteProcessMemory request was completed. (0x12B)
[0221/133122.975:ERROR:process_memory_win.cc(73)] ReadMemory at 0x1a065a852b0 of 132 bytes failed: Only part of a ReadProcessMemory or WriteProcessMemory request was completed. (0x12B)
[0221/133122.975:ERROR:process_memory_win.cc(73)] ReadMemory at 0x1a065a853e0 of 132 bytes failed: Only part of a ReadProcessMemory or WriteProcessMemory request was completed. (0x12B)
[0221/133122.975:ERROR:process_memory_win.cc(73)] ReadMemory at 0x1a065a85510 of 132 bytes failed: Only part of a ReadProcessMemory or WriteProcessMemory request was completed. (0x12B)
[0221/133122.975:ERROR:process_memory_win.cc(73)] ReadMemory at 0x1a065a85640 of 132 bytes failed: Only part of a ReadProcessMemory or WriteProcessMemory request was completed. (0x12B)
[0221/133122.975:ERROR:process_memory_win.cc(73)] ReadMemory at 0x1a065a85770 of 132 bytes failed: Only part of a ReadProcessMemory or WriteProcessMemory request was completed. (0x12B)
[0221/133122.975:ERROR:process_memory_win.cc(73)] ReadMemory at 0x1a065a858a0 of 132 bytes failed: Only part of a ReadProcessMemory or WriteProcessMemory request was completed. (0x12B)
[0221/133122.975:ERROR:process_memory_win.cc(73)] ReadMemory at 0x1a065a859d0 of 132 bytes failed: Only part of a ReadProcessMemory or WriteProcessMemory request was completed. (0x12B)
[0221/133122.975:ERROR:process_memory_win.cc(73)] ReadMemory at 0x1a065a85b00 of 132 bytes failed: Only part of a ReadProcessMemory or WriteProcessMemory request was completed. (0x12B)
[0221/133122.976:ERROR:process_memory_win.cc(73)] ReadMemory at 0x1a065a85c30 of 132 bytes failed: Only part of a ReadProcessMemory or WriteProcessMemory request was completed. (0x12B)
[0221/133122.976:ERROR:process_memory_win.cc(73)] ReadMemory at 0x1a065a85d60 of 132 bytes failed: Only part of a ReadProcessMemory or WriteProcessMemory request was completed. (0x12B)
[0221/133122.976:ERROR:process_memory_win.cc(73)] ReadMemory at 0x1a065a85e90 of 132 bytes failed: Only part of a ReadProcessMemory or WriteProcessMemory request was completed. (0x12B)
[0221/133122.976:ERROR:process_memory_win.cc(73)] ReadMemory at 0x1a065a86010 of 158 bytes failed: Only part of a ReadProcessMemory or WriteProcessMemory request was completed. (0x12B)
[0221/133122.976:ERROR:process_memory_win.cc(73)] ReadMemory at 0x1a065a87810 of 132 bytes failed: Only part of a ReadProcessMemory or WriteProcessMemory request was completed. (0x12B)
[0221/133122.977:ERROR:process_memory_win.cc(73)] ReadMemory at 0x1a065a87940 of 132 bytes failed: Only part of a ReadProcessMemory or WriteProcessMemory request was completed. (0x12B)
[0221/133122.977:ERROR:process_memory_win.cc(73)] ReadMemory at 0x1a065a87a70 of 132 bytes failed: Only part of a ReadProcessMemory or WriteProcessMemory request was completed. (0x12B)
[0221/133122.977:ERROR:process_memory_win.cc(73)] ReadMemory at 0x1a065a87ba0 of 132 bytes failed: Only part of a ReadProcessMemory or WriteProcessMemory request was completed. (0x12B)
[0221/133122.977:ERROR:process_memory_win.cc(73)] ReadMemory at 0x1a065a87cd0 of 132 bytes failed: Only part of a ReadProcessMemory or WriteProcessMemory request was completed. (0x12B)
[0221/133122.977:ERROR:process_memory_win.cc(73)] ReadMemory at 0x1a065a87e00 of 132 bytes failed: Only part of a ReadProcessMemory or WriteProcessMemory request was completed. (0x12B)
[0221/133122.978:ERROR:process_memory_win.cc(73)] ReadMemory at 0x1a065a87f30 of 132 bytes failed: Only part of a ReadProcessMemory or WriteProcessMemory request was completed. (0x12B)
[0221/133122.978:ERROR:process_memory_win.cc(73)] ReadMemory at 0x1a065a88060 of 132 bytes failed: Only part of a ReadProcessMemory or WriteProcessMemory request was completed. (0x12B)
[0221/133122.978:ERROR:process_memory_win.cc(73)] ReadMemory at 0x1a065a882c0 of 132 bytes failed: Only part of a ReadProcessMemory or WriteProcessMemory request was completed. (0x12B)
[0221/133122.978:ERROR:process_memory_win.cc(73)] ReadMemory at 0x1a065a883f0 of 132 bytes failed: Only part of a ReadProcessMemory or WriteProcessMemory request was completed. (0x12B)
[0221/133122.978:ERROR:process_memory_win.cc(73)] ReadMemory at 0x1a065a88520 of 132 bytes failed: Only part of a ReadProcessMemory or WriteProcessMemory request was completed. (0x12B)
[0221/133122.979:ERROR:process_memory_win.cc(73)] ReadMemory at 0x1a065a88650 of 132 bytes failed: Only part of a ReadProcessMemory or WriteProcessMemory request was completed. (0x12B)
[0221/133122.979:ERROR:process_memory_win.cc(73)] ReadMemory at 0x1a065a88780 of 132 bytes failed: Only part of a ReadProcessMemory or WriteProcessMemory request was completed. (0x12B)
[0221/133122.979:ERROR:process_memory_win.cc(73)] ReadMemory at 0x1a065a888b0 of 132 bytes failed: Only part of a ReadProcessMemory or WriteProcessMemory request was completed. (0x12B)
[0221/133122.979:ERROR:process_memory_win.cc(73)] ReadMemory at 0x1a065a889e0 of 132 bytes failed: Only part of a ReadProcessMemory or WriteProcessMemory request was completed. (0x12B)
[0221/133122.980:ERROR:process_memory_win.cc(73)] ReadMemory at 0x1a065a88b10 of 132 bytes failed: Only part of a ReadProcessMemory or WriteProcessMemory request was completed. (0x12B)
[0221/133122.980:ERROR:process_memory_win.cc(73)] ReadMemory at 0x1a065a88c40 of 132 bytes failed: Only part of a ReadProcessMemory or WriteProcessMemory request was completed. (0x12B)
[0221/133122.980:ERROR:process_memory_win.cc(73)] ReadMemory at 0x1a065a88d70 of 132 bytes failed: Only part of a ReadProcessMemory or WriteProcessMemory request was completed. (0x12B)
[0221/133122.980:ERROR:process_memory_win.cc(73)] ReadMemory at 0x1a065a88ea0 of 132 bytes failed: Only part of a ReadProcessMemory or WriteProcessMemory request was completed. (0x12B)
[0221/133122.980:ERROR:process_memory_win.cc(73)] ReadMemory at 0x1a065a88fd0 of 132 bytes failed: Only part of a ReadProcessMemory or WriteProcessMemory request was completed. (0x12B)
[0221/133122.980:ERROR:process_memory_win.cc(73)] ReadMemory at 0x1a065a89100 of 132 bytes failed: Only part of a ReadProcessMemory or WriteProcessMemory request was completed. (0x12B)
[0221/133122.980:ERROR:process_memory_win.cc(73)] ReadMemory at 0x1a065a89230 of 132 bytes failed: Only part of a ReadProcessMemory or WriteProcessMemory request was completed. (0x12B)
[0221/133122.980:ERROR:process_memory_win.cc(73)] ReadMemory at 0x1a065a89360 of 132 bytes failed: Only part of a ReadProcessMemory or WriteProcessMemory request was completed. (0x12B)
[0221/133122.981:ERROR:process_memory_win.cc(73)] ReadMemory at 0x1a065a89490 of 132 bytes failed: Only part of a ReadProcessMemory or WriteProcessMemory request was completed. (0x12B)
[0221/133122.981:ERROR:process_memory_win.cc(73)] ReadMemory at 0x1a065a895c0 of 132 bytes failed: Only part of a ReadProcessMemory or WriteProcessMemory request was completed. (0x12B)
[0221/133122.981:ERROR:process_memory_win.cc(73)] ReadMemory at 0x1a065a8a9a0 of 154 bytes failed: Only part of a ReadProcessMemory or WriteProcessMemory request was completed. (0x12B)
[0221/133122.981:ERROR:process_memory_win.cc(73)] ReadMemory at 0x1a065a8cb90 of 62 bytes failed: Only part of a ReadProcessMemory or WriteProcessMemory request was completed. (0x12B)
[0221/133122.981:ERROR:process_memory_win.cc(73)] ReadMemory at 0x1a065a8cbe0 of 66 bytes failed: Only part of a ReadProcessMemory or WriteProcessMemory request was completed. (0x12B)
[0221/133122.981:ERROR:process_memory_win.cc(73)] ReadMemory at 0x1a065a8d090 of 58 bytes failed: Only part of a ReadProcessMemory or WriteProcessMemory request was completed. (0x12B)
[0221/133122.981:ERROR:process_memory_win.cc(73)] ReadMemory at 0x1a065a8d2c0 of 62 bytes failed: Only part of a ReadProcessMemory or WriteProcessMemory request was completed. (0x12B)
[0221/133122.981:ERROR:process_memory_win.cc(73)] ReadMemory at 0x1a065a8d450 of 58 bytes failed: Only part of a ReadProcessMemory or WriteProcessMemory request was completed. (0x12B)
[0221/133122.981:ERROR:process_memory_win.cc(73)] ReadMemory at 0x1a065a8d590 of 66 bytes failed: Only part of a ReadProcessMemory or WriteProcessMemory request was completed. (0x12B)
[0221/133122.981:ERROR:process_memory_win.cc(73)] ReadMemory at 0x1a065a8dbc0 of 246 bytes failed: Only part of a ReadProcessMemory or WriteProcessMemory request was completed. (0x12B)
[0221/133122.983:ERROR:process_memory_win.cc(73)] ReadMemory at 0x1a065a96f30 of 54 bytes failed: Only part of a ReadProcessMemory or WriteProcessMemory request was completed. (0x12B)
[0221/133122.983:ERROR:process_memory_win.cc(73)] ReadMemory at 0x1a065a9b6b0 of 62 bytes failed: Only part of a ReadProcessMemory or WriteProcessMemory request was completed. (0x12B)
[0221/133122.983:ERROR:process_memory_win.cc(73)] ReadMemory at 0x1a065a9b750 of 60 bytes failed: Only part of a ReadProcessMemory or WriteProcessMemory request was completed. (0x12B)
[0221/133122.983:ERROR:process_memory_win.cc(73)] ReadMemory at 0x1a065a9b7a0 of 64 bytes failed: Only part of a ReadProcessMemory or WriteProcessMemory request was completed. (0x12B)
[0221/133122.983:ERROR:process_memory_win.cc(73)] ReadMemory at 0x1a065a9b8e0 of 58 bytes failed: Only part of a ReadProcessMemory or WriteProcessMemory request was completed. (0x12B)
[0221/133122.983:ERROR:process_memory_win.cc(73)] ReadMemory at 0x1a065a9b930 of 64 bytes failed: Only part of a ReadProcessMemory or WriteProcessMemory request was completed. (0x12B)
[0221/133122.983:ERROR:process_memory_win.cc(73)] ReadMemory at 0x1a065a9b9d0 of 62 bytes failed: Only part of a ReadProcessMemory or WriteProcessMemory request was completed. (0x12B)
[0221/133122.983:ERROR:process_memory_win.cc(73)] ReadMemory at 0x1a065a9ba70 of 60 bytes failed: Only part of a ReadProcessMemory or WriteProcessMemory request was completed. (0x12B)
[0221/133122.983:ERROR:process_memory_win.cc(73)] ReadMemory at 0x1a065a9bb60 of 60 bytes failed: Only part of a ReadProcessMemory or WriteProcessMemory request was completed. (0x12B)
[0221/133122.983:ERROR:process_memory_win.cc(73)] ReadMemory at 0x1a065a9bbb0 of 62 bytes failed: Only part of a ReadProcessMemory or WriteProcessMemory request was completed. (0x12B)
[0221/133122.984:ERROR:process_memory_win.cc(73)] ReadMemory at 0x1a065a9bca0 of 62 bytes failed: Only part of a ReadProcessMemory or WriteProcessMemory request was completed. (0x12B)
[0221/133122.984:ERROR:process_memory_win.cc(73)] ReadMemory at 0x1a065a9bde0 of 62 bytes failed: Only part of a ReadProcessMemory or WriteProcessMemory request was completed. (0x12B)
[0221/133122.984:ERROR:process_memory_win.cc(73)] ReadMemory at 0x1a065a9be30 of 58 bytes failed: Only part of a ReadProcessMemory or WriteProcessMemory request was completed. (0x12B)
[0221/133122.984:ERROR:process_memory_win.cc(73)] ReadMemory at 0x1a065a9bed0 of 60 bytes failed: Only part of a ReadProcessMemory or WriteProcessMemory request was completed. (0x12B)
[0221/133122.984:ERROR:process_memory_win.cc(73)] ReadMemory at 0x1a065a9bf20 of 56 bytes failed: Only part of a ReadProcessMemory or WriteProcessMemory request was completed. (0x12B)
[0221/133122.985:ERROR:process_memory_win.cc(73)] ReadMemory at 0x1a065a9bf70 of 64 bytes failed: Only part of a ReadProcessMemory or WriteProcessMemory request was completed. (0x12B)
[0221/133122.985:ERROR:process_memory_win.cc(73)] ReadMemory at 0x1a065a9c060 of 64 bytes failed: Only part of a ReadProcessMemory or WriteProcessMemory request was completed. (0x12B)
[0221/133122.985:ERROR:process_memory_win.cc(73)] ReadMemory at 0x1a065a9c0b0 of 60 bytes failed: Only part of a ReadProcessMemory or WriteProcessMemory request was completed. (0x12B)
[0221/133122.985:ERROR:process_memory_win.cc(73)] ReadMemory at 0x1a065a9c1a0 of 64 bytes failed: Only part of a ReadProcessMemory or WriteProcessMemory request was completed. (0x12B)
[0221/133122.985:ERROR:process_memory_win.cc(73)] ReadMemory at 0x1a065a9c330 of 62 bytes failed: Only part of a ReadProcessMemory or WriteProcessMemory request was completed. (0x12B)
[0221/133122.985:ERROR:process_memory_win.cc(73)] ReadMemory at 0x1a065a9c510 of 64 bytes failed: Only part of a ReadProcessMemory or WriteProcessMemory request was completed. (0x12B)
[0221/133122.985:ERROR:process_memory_win.cc(73)] ReadMemory at 0x1a065a9c5b0 of 60 bytes failed: Only part of a ReadProcessMemory or WriteProcessMemory request was completed. (0x12B)
[0221/133122.985:ERROR:process_memory_win.cc(73)] ReadMemory at 0x1a065a9c600 of 64 bytes failed: Only part of a ReadProcessMemory or WriteProcessMemory request was completed. (0x12B)
[0221/133122.985:ERROR:process_memory_win.cc(73)] ReadMemory at 0x1a065a9d1b0 of 132 bytes failed: Only part of a ReadProcessMemory or WriteProcessMemory request was completed. (0x12B)
[0221/133122.985:ERROR:process_memory_win.cc(73)] ReadMemory at 0x1a065a9d410 of 132 bytes failed: Only part of a ReadProcessMemory or WriteProcessMemory request was completed. (0x12B)
[0221/133122.985:ERROR:process_memory_win.cc(73)] ReadMemory at 0x1a065a9d670 of 132 bytes failed: Only part of a ReadProcessMemory or WriteProcessMemory request was completed. (0x12B)
[0221/133122.985:ERROR:process_memory_win.cc(73)] ReadMemory at 0x1a065a9d7a0 of 132 bytes failed: Only part of a ReadProcessMemory or WriteProcessMemory request was completed. (0x12B)
[0221/133122.985:ERROR:process_memory_win.cc(73)] ReadMemory at 0x1a065a9da00 of 132 bytes failed: Only part of a ReadProcessMemory or WriteProcessMemory request was completed. (0x12B)
[0221/133122.986:ERROR:process_memory_win.cc(73)] ReadMemory at 0x1a065a9e380 of 132 bytes failed: Only part of a ReadProcessMemory or WriteProcessMemory request was completed. (0x12B)
[0221/133122.986:ERROR:process_memory_win.cc(73)] ReadMemory at 0x1a065ab7fd0 of 512 bytes failed: Only part of a ReadProcessMemory or WriteProcessMemory request was completed. (0x12B)
[0221/133122.986:ERROR:process_memory_win.cc(73)] ReadMemory at 0x1a065ab8ed0 of 512 bytes failed: Only part of a ReadProcessMemory or WriteProcessMemory request was completed. (0x12B)
[0221/133122.986:ERROR:process_memory_win.cc(73)] ReadMemory at 0x1a065ab9f50 of 512 bytes failed: Only part of a ReadProcessMemory or WriteProcessMemory request was completed. (0x12B)
[0221/133122.986:ERROR:process_memory_win.cc(73)] ReadMemory at 0x1a065c410a0 of 512 bytes failed: Only part of a ReadProcessMemory or WriteProcessMemory request was completed. (0x12B)
[0221/133122.986:ERROR:process_memory_win.cc(73)] ReadMemory at 0x1a0660838a0 of 512 bytes failed: Only part of a ReadProcessMemory or WriteProcessMemory request was completed. (0x12B)
[0221/133122.986:ERROR:process_memory_win.cc(73)] ReadMemory at 0x1a066091b38 of 512 bytes failed: Only part of a ReadProcessMemory or WriteProcessMemory request was completed. (0x12B)
[0221/133122.986:ERROR:process_memory_win.cc(73)] ReadMemory at 0x1a0660b72c0 of 512 bytes failed: Only part of a ReadProcessMemory or WriteProcessMemory request was completed. (0x12B)
[0221/133122.986:ERROR:process_memory_win.cc(73)] ReadMemory at 0x1a0660bc0b0 of 512 bytes failed: Only part of a ReadProcessMemory or WriteProcessMemory request was completed. (0x12B)
[0221/133122.986:ERROR:process_memory_win.cc(73)] ReadMemory at 0x1a0660ca9a0 of 696 bytes failed: Only part of a ReadProcessMemory or WriteProcessMemory request was completed. (0x12B)
[0221/133122.986:ERROR:process_memory_win.cc(73)] ReadMemory at 0x1a0660de3e0 of 512 bytes failed: Only part of a ReadProcessMemory or WriteProcessMemory request was completed. (0x12B)
[0221/133122.987:ERROR:process_memory_win.cc(73)] ReadMemory at 0x1a0660e0090 of 512 bytes failed: Only part of a ReadProcessMemory or WriteProcessMemory request was completed. (0x12B)
[0221/133122.987:ERROR:process_memory_win.cc(73)] ReadMemory at 0x1a0660f1090 of 512 bytes failed: Only part of a ReadProcessMemory or WriteProcessMemory request was completed. (0x12B)
[0221/133122.987:ERROR:process_memory_win.cc(73)] ReadMemory at 0x1a067fc44d0 of 512 bytes failed: Only part of a ReadProcessMemory or WriteProcessMemory request was completed. (0x12B)
[0221/133122.987:ERROR:process_memory_win.cc(73)] ReadMemory at 0x1a0680985c8 of 512 bytes failed: Only part of a ReadProcessMemory or WriteProcessMemory request was completed. (0x12B)
[0221/133122.987:ERROR:process_memory_win.cc(73)] ReadMemory at 0x1a06812e7a0 of 512 bytes failed: Only part of a ReadProcessMemory or WriteProcessMemory request was completed. (0x12B)
[0221/133122.987:ERROR:process_memory_win.cc(73)] ReadMemory at 0x1a068131f70 of 512 bytes failed: Only part of a ReadProcessMemory or WriteProcessMemory request was completed. (0x12B)
[0221/133122.987:ERROR:process_memory_win.cc(73)] ReadMemory at 0x1a0681321e0 of 512 bytes failed: Only part of a ReadProcessMemory or WriteProcessMemory request was completed. (0x12B)
[0221/133122.987:ERROR:process_memory_win.cc(73)] ReadMemory at 0x1a06813c900 of 512 bytes failed: Only part of a ReadProcessMemory or WriteProcessMemory request was completed. (0x12B)
[0221/133122.987:ERROR:process_memory_win.cc(73)] ReadMemory at 0x1a068a32d00 of 512 bytes failed: Only part of a ReadProcessMemory or WriteProcessMemory request was completed. (0x12B)
[0221/133122.988:ERROR:process_memory_win.cc(73)] ReadMemory at 0x1a068aa47d0 of 512 bytes failed: Only part of a ReadProcessMemory or WriteProcessMemory request was completed. (0x12B)
[0221/133122.988:ERROR:process_memory_win.cc(73)] ReadMemory at 0x1a068b977a0 of 512 bytes failed: Only part of a ReadProcessMemory or WriteProcessMemory request was completed. (0x12B)
[0221/133122.988:ERROR:process_memory_win.cc(73)] ReadMemory at 0x1a068c18ff8 of 568 bytes failed: Only part of a ReadProcessMemory or WriteProcessMemory request was completed. (0x12B)
[0221/133122.988:ERROR:process_memory_win.cc(73)] ReadMemory at 0x1a068dc73a0 of 512 bytes failed: Only part of a ReadProcessMemory or WriteProcessMemory request was completed. (0x12B)
[0221/133122.988:ERROR:process_memory_win.cc(73)] ReadMemory at 0x1a068dc92f0 of 520 bytes failed: Only part of a ReadProcessMemory or WriteProcessMemory request was completed. (0x12B)
[0221/133122.988:ERROR:process_memory_win.cc(73)] ReadMemory at 0x1a068df3a50 of 512 bytes failed: Only part of a ReadProcessMemory or WriteProcessMemory request was completed. (0x12B)
[0221/133122.988:ERROR:process_memory_win.cc(73)] ReadMemory at 0x1a068df4468 of 512 bytes failed: Only part of a ReadProcessMemory or WriteProcessMemory request was completed. (0x12B)
[0221/133122.988:ERROR:process_memory_win.cc(73)] ReadMemory at 0x1a069d07ca0 of 512 bytes failed: Only part of a ReadProcessMemory or WriteProcessMemory request was completed. (0x12B)
[0221/133122.988:ERROR:process_memory_win.cc(73)] ReadMemory at 0x1a069da7050 of 512 bytes failed: Only part of a ReadProcessMemory or WriteProcessMemory request was completed. (0x12B)
[0221/133122.988:ERROR:process_memory_win.cc(73)] ReadMemory at 0x1a06a0e5160 of 512 bytes failed: Only part of a ReadProcessMemory or WriteProcessMemory request was completed. (0x12B)
[0221/133122.988:ERROR:process_memory_win.cc(73)] ReadMemory at 0x1a06a0ed1a0 of 512 bytes failed: Only part of a ReadProcessMemory or WriteProcessMemory request was completed. (0x12B)
[0221/133122.988:ERROR:process_memory_win.cc(73)] ReadMemory at 0x1a06a898120 of 512 bytes failed: Only part of a ReadProcessMemory or WriteProcessMemory request was completed. (0x12B)
[0221/133122.989:ERROR:process_memory_win.cc(73)] ReadMemory at 0x79e3c221c88 of 512 bytes failed: Only part of a ReadProcessMemory or WriteProcessMemory request was completed. (0x12B)
[0221/133122.989:ERROR:process_memory_win.cc(73)] ReadMemory at 0x8a222d82960 of 560 bytes failed: Only part of a ReadProcessMemory or WriteProcessMemory request was completed. (0x12B)
[0221/133122.989:ERROR:process_memory_win.cc(73)] ReadMemory at 0x162565e63c78 of 512 bytes failed: Only part of a ReadProcessMemory or WriteProcessMemory request was completed. (0x12B)
[0221/133122.989:ERROR:process_memory_win.cc(73)] ReadMemory at 0x162565e666f8 of 512 bytes failed: Only part of a ReadProcessMemory or WriteProcessMemory request was completed. (0x12B)
[0221/133122.989:ERROR:process_memory_win.cc(73)] ReadMemory at 0x7ff8c9ef9eb0 of 512 bytes failed: Only part of a ReadProcessMemory or WriteProcessMemory request was completed. (0x12B)
[0221/133122.989:ERROR:process_memory_win.cc(73)] ReadMemory at 0x7ff8cc65dfa0 of 512 bytes failed: Only part of a ReadProcessMemory or WriteProcessMemory request was completed. (0x12B)
[0221/133122.989:ERROR:process_memory_win.cc(73)] ReadMemory at 0x7ff8ce6054c8 of 512 bytes failed: Only part of a ReadProcessMemory or WriteProcessMemory request was completed. (0x12B)
[0221/133122.990:ERROR:process_memory_win.cc(73)] ReadMemory at 0x7ff8ce8b5890 of 512 bytes failed: Only part of a ReadProcessMemory or WriteProcessMemory request was completed. (0x12B)
[0221/133122.990:ERROR:process_memory_win.cc(73)] ReadMemory at 0x7ff8cef447f0 of 512 bytes failed: Only part of a ReadProcessMemory or WriteProcessMemory request was completed. (0x12B)
[0221/133122.990:ERROR:process_memory_win.cc(73)] ReadMemory at 0x7ff936bd54c9 of 512 bytes failed: Only part of a ReadProcessMemory or WriteProcessMemory request was completed. (0x12B)
[0221/133122.990:ERROR:process_memory_win.cc(73)] ReadMemory at 0x7ff937fb1f80 of 512 bytes failed: Only part of a ReadProcessMemory or WriteProcessMemory request was completed. (0x12B)
[0221/133122.990:ERROR:process_memory_win.cc(73)] ReadMemory at 0x7ff93a7afeb0 of 512 bytes failed: Only part of a ReadProcessMemory or WriteProcessMemory request was completed. (0x12B)
[0221/133122.990:ERROR:process_memory_win.cc(73)] ReadMemory at 0x7ff93a7ff674 of 672 bytes failed: Only part of a ReadProcessMemory or WriteProcessMemory request was completed. (0x12B)
[0221/133122.990:ERROR:process_memory_win.cc(73)] ReadMemory at 0x7ff93a7ffc74 of 512 bytes failed: Only part of a ReadProcessMemory or WriteProcessMemory request was completed. (0x12B)
[0221/133122.990:ERROR:process_memory_win.cc(73)] ReadMemory at 0x7ff93a802f04 of 608 bytes failed: Only part of a ReadProcessMemory or WriteProcessMemory request was completed. (0x12B)
[0221/133122.990:ERROR:process_memory_win.cc(73)] ReadMemory at 0x7ff93a88c0c8 of 18 bytes failed: Only part of a ReadProcessMemory or WriteProcessMemory request was completed. (0x12B)
[0221/133122.990:ERROR:process_memory_win.cc(73)] ReadMemory at 0x7ff93a8bf4f8 of 40 bytes failed: Only part of a ReadProcessMemory or WriteProcessMemory request was completed. (0x12B)
[0221/133122.990:ERROR:process_memory_win.cc(73)] ReadMemory at 0x7ff93a8bf978 of 48 bytes failed: Only part of a ReadProcessMemory or WriteProcessMemory request was completed. (0x12B)
[0221/133122.990:ERROR:process_memory_win.cc(73)] ReadMemory at 0x7ff93a8c53a0 of 64 bytes failed: Only part of a ReadProcessMemory or WriteProcessMemory request was completed. (0x12B)
[0221/133122.993:ERROR:scoped_process_suspend.cc(40)] NtResumeProcess: An attempt was made to access an exiting process. (0xc000010a)
